{
  "stats": {
    "suites": 1,
    "tests": 2,
    "passes": 2,
    "pending": 0,
    "failures": 0,
    "start": "2021-06-15T14:58:59.926Z",
    "end": "2021-06-15T14:59:09.853Z",
    "duration": 9927,
    "testsRegistered": 2,
    "passPercent": 100,
    "pendingPercent": 0,
    "other": 0,
    "hasOther": false,
    "skipped": 0,
    "hasSkipped": false
  },
  "results": [
    {
      "uuid": "2e5567f4-b2ce-495b-a245-cf8f490c944f",
      "title": "",
      "fullFile": "cypress/integration/req7-sidebarAdmin.js",
      "file": "cypress/integration/req7-sidebarAdmin.js",
      "beforeHooks": [],
      "afterHooks": [],
      "tests": [],
      "suites": [
        {
          "uuid": "11101460-0342-4985-94a0-5bd5de2f28e9",
          "title": "7 - Criar botão no sidebar para acessar a lista de chats do admin",
          "fullFile": "",
          "file": "",
          "beforeHooks": [],
          "afterHooks": [],
          "tests": [
            {
              "title": "Será validado que no meu sidebar contém o botão `Conversas`",
              "fullTitle": "7 - Criar botão no sidebar para acessar a lista de chats do admin Será validado que no meu sidebar contém o botão `Conversas`",
              "timedOut": null,
              "duration": 5421,
              "state": "passed",
              "speed": "slow",
              "pass": true,
              "fail": false,
              "pending": false,
              "context": null,
              "code": "(0, _actionBase.login)(Cypress.env('loginAdmin'), Cypress.env('passwordAdmin'));\n(0, _actionBase.verifyElementVisible)('[data-testid=\"side-menu-item-chat\"]');\n(0, _actionBase.verifyElementContainsText)('[data-testid=\"side-menu-item-chat\"]', 'Conversas');",
              "err": {},
              "uuid": "761cc06f-926b-484b-8c3a-06f27d02fd90",
              "parentUUID": "11101460-0342-4985-94a0-5bd5de2f28e9",
              "isHook": false,
              "skipped": false
            },
            {
              "title": "Será validado que ao clicar no menu `Conversas` será redirecionado para página na url `/admin/chats`",
              "fullTitle": "7 - Criar botão no sidebar para acessar a lista de chats do admin Será validado que ao clicar no menu `Conversas` será redirecionado para página na url `/admin/chats`",
              "timedOut": null,
              "duration": 4466,
              "state": "passed",
              "speed": "slow",
              "pass": true,
              "fail": false,
              "pending": false,
              "context": null,
              "code": "(0, _actionBase.login)(Cypress.env('loginAdmin'), Cypress.env('passwordAdmin'));\n(0, _actionBase.clickButton)('[data-testid=\"side-menu-item-chat\"]');\n(0, _actionBase.verifyContainsUrl)('http://localhost:3000/admin/chats');",
              "err": {},
              "uuid": "9356fbab-2cb2-4767-9898-6f5d2f3f0b90",
              "parentUUID": "11101460-0342-4985-94a0-5bd5de2f28e9",
              "isHook": false,
              "skipped": false
            }
          ],
          "suites": [],
          "passes": [
            "761cc06f-926b-484b-8c3a-06f27d02fd90",
            "9356fbab-2cb2-4767-9898-6f5d2f3f0b90"
          ],
          "failures": [],
          "pending": [],
          "skipped": [],
          "duration": 9887,
          "root": false,
          "rootEmpty": false,
          "_timeout": 2000
        }
      ],
      "passes": [],
      "failures": [],
      "pending": [],
      "skipped": [],
      "duration": 0,
      "root": true,
      "rootEmpty": true,
      "_timeout": 2000
    }
  ],
  "meta": {
    "mocha": {
      "version": "7.0.1"
    },
    "mochawesome": {
      "options": {
        "quiet": false,
        "reportFilename": "mochawesome",
        "saveHtml": false,
        "saveJson": true,
        "consoleReporter": "spec",
        "useInlineDiffs": false
      },
      "version": "4.1.0"
    },
    "marge": {
      "options": {
        "id": "default",
        "reportDir": "cypress/reports",
        "overwrite": false,
        "html": false,
        "json": true
      },
      "version": "4.1.0"
    }
  }
}