{
  "stats": {
    "suites": 1,
    "tests": 3,
    "passes": 3,
    "pending": 0,
    "failures": 0,
    "start": "2021-06-15T14:56:53.496Z",
    "end": "2021-06-15T14:57:18.710Z",
    "duration": 25214,
    "testsRegistered": 3,
    "passPercent": 100,
    "pendingPercent": 0,
    "other": 0,
    "hasOther": false,
    "skipped": 0,
    "hasSkipped": false
  },
  "results": [
    {
      "uuid": "05dd2c3e-5a2d-4440-b838-17e136743174",
      "title": "",
      "fullFile": "cypress/integration/req3-orderClient.js",
      "file": "cypress/integration/req3-orderClient.js",
      "beforeHooks": [],
      "afterHooks": [],
      "tests": [],
      "suites": [
        {
          "uuid": "5d61bdc6-efa0-4aed-9ae2-4c9782cb2b81",
          "title": "3 - Desenvolver os status para o pedido da tela Pedidos do Cliente",
          "fullFile": "",
          "file": "",
          "beforeHooks": [],
          "afterHooks": [],
          "tests": [
            {
              "title": "Dado que é feito uma compra, será validado que ela está com status `Pendente` na tela de `Meus pedidos` do cliente",
              "fullTitle": "3 - Desenvolver os status para o pedido da tela Pedidos do Cliente Dado que é feito uma compra, será validado que ela está com status `Pendente` na tela de `Meus pedidos` do cliente",
              "timedOut": null,
              "duration": 6757,
              "state": "passed",
              "speed": "slow",
              "pass": true,
              "fail": false,
              "pending": false,
              "context": null,
              "code": "(0, _actionBase.login)(Cypress.env('login'), Cypress.env('password'));\n(0, _actionBase.accessOrdersClient)();\n(0, _actionBase.verifyContainsText)('Pendente');",
              "err": {},
              "uuid": "a6280770-702e-4013-96cc-c5259aba246c",
              "parentUUID": "5d61bdc6-efa0-4aed-9ae2-4c9782cb2b81",
              "isHook": false,
              "skipped": false
            },
            {
              "title": "Dado que o admin marcou o pedido como `Preparando` é verificado que na tela de `Pedidos` do cliente o status mudou para `Preparando`",
              "fullTitle": "3 - Desenvolver os status para o pedido da tela Pedidos do Cliente Dado que o admin marcou o pedido como `Preparando` é verificado que na tela de `Pedidos` do cliente o status mudou para `Preparando`",
              "timedOut": null,
              "duration": 9406,
              "state": "passed",
              "speed": "slow",
              "pass": true,
              "fail": false,
              "pending": false,
              "context": null,
              "code": "(0, _actionBase.login)(Cypress.env('loginAdmin'), Cypress.env('passwordAdmin'));\n(0, _actionBase.accessOrdersAdmin)();\n(0, _actionBase.clickButton)('[data-testid=\"0-order-number\"]');\n(0, _actionBase.clickButton)('[data-testid=\"mark-as-prepared-btn\"]');\n(0, _actionBase.logoutAdmin)();\n(0, _actionBase.login)(Cypress.env('login'), Cypress.env('password'));\n(0, _actionBase.accessOrdersClient)();\n(0, _actionBase.verifyContainsText)('Preparando');",
              "err": {},
              "uuid": "f18920ac-4940-4024-a038-ab869cd452ab",
              "parentUUID": "5d61bdc6-efa0-4aed-9ae2-4c9782cb2b81",
              "isHook": false,
              "skipped": false
            },
            {
              "title": "Dado que o admin marcou o pedido como `Entregue` é verificado que na tela de `Pedidos` do cliente o status mudou para `Entregue`",
              "fullTitle": "3 - Desenvolver os status para o pedido da tela Pedidos do Cliente Dado que o admin marcou o pedido como `Entregue` é verificado que na tela de `Pedidos` do cliente o status mudou para `Entregue`",
              "timedOut": null,
              "duration": 8990,
              "state": "passed",
              "speed": "slow",
              "pass": true,
              "fail": false,
              "pending": false,
              "context": null,
              "code": "(0, _actionBase.login)(Cypress.env('loginAdmin'), Cypress.env('passwordAdmin'));\n(0, _actionBase.accessOrdersAdmin)();\n(0, _actionBase.clickButton)('[data-testid=\"0-order-number\"]');\n(0, _actionBase.clickButton)('[data-testid=\"mark-as-delivered-btn\"]');\n(0, _actionBase.logoutAdmin)();\n(0, _actionBase.login)(Cypress.env('login'), Cypress.env('password'));\n(0, _actionBase.accessOrdersClient)();\n(0, _actionBase.verifyContainsText)('Entregue');",
              "err": {},
              "uuid": "5e6d1546-8e74-4170-bf96-072423bd2978",
              "parentUUID": "5d61bdc6-efa0-4aed-9ae2-4c9782cb2b81",
              "isHook": false,
              "skipped": false
            }
          ],
          "suites": [],
          "passes": [
            "a6280770-702e-4013-96cc-c5259aba246c",
            "f18920ac-4940-4024-a038-ab869cd452ab",
            "5e6d1546-8e74-4170-bf96-072423bd2978"
          ],
          "failures": [],
          "pending": [],
          "skipped": [],
          "duration": 25153,
          "root": false,
          "rootEmpty": false,
          "_timeout": 2000
        }
      ],
      "passes": [],
      "failures": [],
      "pending": [],
      "skipped": [],
      "duration": 0,
      "root": true,
      "rootEmpty": true,
      "_timeout": 2000
    }
  ],
  "meta": {
    "mocha": {
      "version": "7.0.1"
    },
    "mochawesome": {
      "options": {
        "quiet": false,
        "reportFilename": "mochawesome",
        "saveHtml": false,
        "saveJson": true,
        "consoleReporter": "spec",
        "useInlineDiffs": false
      },
      "version": "4.1.0"
    },
    "marge": {
      "options": {
        "id": "default",
        "reportDir": "cypress/reports",
        "overwrite": false,
        "html": false,
        "json": true
      },
      "version": "4.1.0"
    }
  }
}