{
  "stats": {
    "suites": 1,
    "tests": 1,
    "passes": 1,
    "pending": 0,
    "failures": 0,
    "start": "2021-06-15T14:55:36.886Z",
    "end": "2021-06-15T14:55:53.445Z",
    "duration": 16559,
    "testsRegistered": 1,
    "passPercent": 100,
    "pendingPercent": 0,
    "other": 0,
    "hasOther": false,
    "skipped": 0,
    "hasSkipped": false
  },
  "results": [
    {
      "uuid": "f4ce4112-630a-464f-a374-19c923dad51c",
      "title": "",
      "fullFile": "cypress/integration/req10-testCoverageBack.js",
      "file": "cypress/integration/req10-testCoverageBack.js",
      "beforeHooks": [],
      "afterHooks": [],
      "tests": [],
      "suites": [
        {
          "uuid": "482ac6b5-568c-46ea-b516-972dee35fd85",
          "title": "10 - Desenvolva a cobertura de testes unitários do back-end",
          "fullFile": "",
          "file": "",
          "beforeHooks": [],
          "afterHooks": [],
          "tests": [
            {
              "title": "Será validado a cobertura de testes unitários do back-end",
              "fullTitle": "10 - Desenvolva a cobertura de testes unitários do back-end Será validado a cobertura de testes unitários do back-end",
              "timedOut": null,
              "duration": 16532,
              "state": "passed",
              "speed": "slow",
              "pass": true,
              "fail": false,
              "pending": false,
              "context": null,
              "code": "cy.exec('npm --prefix back-end/ run test-coverage -- --coverageReporters=\"json-summary\" --testFailureExitCode=0');\ncy.readFile('back-end/coverage/coverage-summary.json').its('total.lines.pct').should('be.gte', 90.00);",
              "err": {},
              "uuid": "bba7c89c-defa-4e2e-9e98-6498a85c9e87",
              "parentUUID": "482ac6b5-568c-46ea-b516-972dee35fd85",
              "isHook": false,
              "skipped": false
            }
          ],
          "suites": [],
          "passes": [
            "bba7c89c-defa-4e2e-9e98-6498a85c9e87"
          ],
          "failures": [],
          "pending": [],
          "skipped": [],
          "duration": 16532,
          "root": false,
          "rootEmpty": false,
          "_timeout": 2000
        }
      ],
      "passes": [],
      "failures": [],
      "pending": [],
      "skipped": [],
      "duration": 0,
      "root": true,
      "rootEmpty": true,
      "_timeout": 2000
    }
  ],
  "meta": {
    "mocha": {
      "version": "7.0.1"
    },
    "mochawesome": {
      "options": {
        "quiet": false,
        "reportFilename": "mochawesome",
        "saveHtml": false,
        "saveJson": true,
        "consoleReporter": "spec",
        "useInlineDiffs": false
      },
      "version": "4.1.0"
    },
    "marge": {
      "options": {
        "id": "default",
        "reportDir": "cypress/reports",
        "overwrite": false,
        "html": false,
        "json": true
      },
      "version": "4.1.0"
    }
  }
}