{
  "stats": {
    "suites": 1,
    "tests": 6,
    "passes": 6,
    "pending": 0,
    "failures": 0,
    "start": "2021-06-15T14:54:46.999Z",
    "end": "2021-06-15T14:55:35.351Z",
    "duration": 48352,
    "testsRegistered": 6,
    "passPercent": 100,
    "pendingPercent": 0,
    "other": 0,
    "hasOther": false,
    "skipped": 0,
    "hasSkipped": false
  },
  "results": [
    {
      "uuid": "6f18bf09-38d2-4eeb-a11f-dad262d45b4e",
      "title": "",
      "fullFile": "cypress/integration/req1-orderDetailAdmin.js",
      "file": "cypress/integration/req1-orderDetailAdmin.js",
      "beforeHooks": [],
      "afterHooks": [],
      "tests": [],
      "suites": [
        {
          "uuid": "0d155c94-d5e7-4ca9-8033-313755a68791",
          "title": "1 - Desenvolver os status para o pedido da tela de `Detalhe pedido` do Administrador",
          "fullFile": "",
          "file": "",
          "beforeHooks": [],
          "afterHooks": [],
          "tests": [
            {
              "title": "Dado que é feito uma compra, será validado que ela está com status `Pendente` na tela de `Detalhes do pedido` do admin",
              "fullTitle": "1 - Desenvolver os status para o pedido da tela de `Detalhe pedido` do Administrador Dado que é feito uma compra, será validado que ela está com status `Pendente` na tela de `Detalhes do pedido` do admin",
              "timedOut": null,
              "duration": 12152,
              "state": "passed",
              "speed": "slow",
              "pass": true,
              "fail": false,
              "pending": false,
              "context": null,
              "code": "(0, _actionBase.login)(Cypress.env('loginAdmin'), Cypress.env('passwordAdmin'));\n(0, _actionBase.accessOrdersAdmin)();\n(0, _actionBase.clickButton)('[data-testid=\"0-order-number\"]');\n(0, _actionBase.verifyContainsText)('Pendente');",
              "err": {},
              "uuid": "a07c8c7f-da8f-484b-91dc-87e3aae1af9a",
              "parentUUID": "0d155c94-d5e7-4ca9-8033-313755a68791",
              "isHook": false,
              "skipped": false
            },
            {
              "title": "Será validado que o administrador ao acessar um determinado pedido ele deve visualizar o botão `Preparar pedido`",
              "fullTitle": "1 - Desenvolver os status para o pedido da tela de `Detalhe pedido` do Administrador Será validado que o administrador ao acessar um determinado pedido ele deve visualizar o botão `Preparar pedido`",
              "timedOut": null,
              "duration": 7201,
              "state": "passed",
              "speed": "slow",
              "pass": true,
              "fail": false,
              "pending": false,
              "context": null,
              "code": "(0, _actionBase.login)(Cypress.env('loginAdmin'), Cypress.env('passwordAdmin'));\n(0, _actionBase.accessOrdersAdmin)();\n(0, _actionBase.clickButton)('[data-testid=\"0-order-number\"]');\n(0, _actionBase.verifyElementVisible)('[data-testid=\"mark-as-prepared-btn\"]');\n(0, _actionBase.verifyElementContainsText)('[data-testid=\"mark-as-prepared-btn\"]', 'Preparar pedido');",
              "err": {},
              "uuid": "cd8f460b-e822-485c-8052-09fb61141eb8",
              "parentUUID": "0d155c94-d5e7-4ca9-8033-313755a68791",
              "isHook": false,
              "skipped": false
            },
            {
              "title": "Será validado que o administrador ao acessar um determinado pedido ele deve visualizar o botão `Marcar como entregue`",
              "fullTitle": "1 - Desenvolver os status para o pedido da tela de `Detalhe pedido` do Administrador Será validado que o administrador ao acessar um determinado pedido ele deve visualizar o botão `Marcar como entregue`",
              "timedOut": null,
              "duration": 7718,
              "state": "passed",
              "speed": "slow",
              "pass": true,
              "fail": false,
              "pending": false,
              "context": null,
              "code": "(0, _actionBase.login)(Cypress.env('loginAdmin'), Cypress.env('passwordAdmin'));\n(0, _actionBase.accessOrdersAdmin)();\n(0, _actionBase.clickButton)('[data-testid=\"0-order-number\"]');\n(0, _actionBase.verifyElementVisible)('[data-testid=\"mark-as-delivered-btn\"]');\n(0, _actionBase.verifyElementContainsText)('[data-testid=\"mark-as-delivered-btn\"]', 'Marcar como entregue');",
              "err": {},
              "uuid": "1d6767c1-d5f0-4e06-a093-1408ee59e6c3",
              "parentUUID": "0d155c94-d5e7-4ca9-8033-313755a68791",
              "isHook": false,
              "skipped": false
            },
            {
              "title": "Quando clicar no botão `Preparar pedido` deve alterar o status do detalhe do pedido para `Preparando`",
              "fullTitle": "1 - Desenvolver os status para o pedido da tela de `Detalhe pedido` do Administrador Quando clicar no botão `Preparar pedido` deve alterar o status do detalhe do pedido para `Preparando`",
              "timedOut": null,
              "duration": 7087,
              "state": "passed",
              "speed": "slow",
              "pass": true,
              "fail": false,
              "pending": false,
              "context": null,
              "code": "(0, _actionBase.login)(Cypress.env('loginAdmin'), Cypress.env('passwordAdmin'));\n(0, _actionBase.accessOrdersAdmin)();\n(0, _actionBase.clickButton)('[data-testid=\"0-order-number\"]');\n(0, _actionBase.clickButton)('[data-testid=\"mark-as-prepared-btn\"]');\n(0, _actionBase.verifyContainsText)('Preparando');",
              "err": {},
              "uuid": "4dc6f300-d003-4633-b6a3-318c47c359fe",
              "parentUUID": "0d155c94-d5e7-4ca9-8033-313755a68791",
              "isHook": false,
              "skipped": false
            },
            {
              "title": "Quando clicar no botão `Marcar como entregue` deve alterar o status do detalhe do pedido para `Entregue`",
              "fullTitle": "1 - Desenvolver os status para o pedido da tela de `Detalhe pedido` do Administrador Quando clicar no botão `Marcar como entregue` deve alterar o status do detalhe do pedido para `Entregue`",
              "timedOut": null,
              "duration": 7373,
              "state": "passed",
              "speed": "slow",
              "pass": true,
              "fail": false,
              "pending": false,
              "context": null,
              "code": "(0, _actionBase.login)(Cypress.env('loginAdmin'), Cypress.env('passwordAdmin'));\n(0, _actionBase.accessOrdersAdmin)();\n(0, _actionBase.clickButton)('[data-testid=\"0-order-number\"]');\n(0, _actionBase.clickButton)('[data-testid=\"mark-as-delivered-btn\"]');\n(0, _actionBase.verifyContainsText)('Entregue');",
              "err": {},
              "uuid": "c68a57fa-6449-4f9e-87a9-19e1fee9608f",
              "parentUUID": "0d155c94-d5e7-4ca9-8033-313755a68791",
              "isHook": false,
              "skipped": false
            },
            {
              "title": "Quando clicar no botão `Marcar como entregue` os botões `Preparar pedido` e `Marcar como entregue` devem sumir da tela",
              "fullTitle": "1 - Desenvolver os status para o pedido da tela de `Detalhe pedido` do Administrador Quando clicar no botão `Marcar como entregue` os botões `Preparar pedido` e `Marcar como entregue` devem sumir da tela",
              "timedOut": null,
              "duration": 6700,
              "state": "passed",
              "speed": "slow",
              "pass": true,
              "fail": false,
              "pending": false,
              "context": null,
              "code": "(0, _actionBase.login)(Cypress.env('loginAdmin'), Cypress.env('passwordAdmin'));\n(0, _actionBase.accessOrdersAdmin)();\n(0, _actionBase.clickButton)('[data-testid=\"0-order-number\"]');\n(0, _actionBase.clickButton)('[data-testid=\"mark-as-delivered-btn\"]');\n(0, _actionBase.verifyElementNotVisible)('[data-testid=\"mark-as-delivered-btn\"]');\n(0, _actionBase.verifyElementNotVisible)('[data-testid=\"mark-as-prepared-btn\"]');",
              "err": {},
              "uuid": "27c5417f-cd2b-46c5-b80a-a1eb598a4b5f",
              "parentUUID": "0d155c94-d5e7-4ca9-8033-313755a68791",
              "isHook": false,
              "skipped": false
            }
          ],
          "suites": [],
          "passes": [
            "a07c8c7f-da8f-484b-91dc-87e3aae1af9a",
            "cd8f460b-e822-485c-8052-09fb61141eb8",
            "1d6767c1-d5f0-4e06-a093-1408ee59e6c3",
            "4dc6f300-d003-4633-b6a3-318c47c359fe",
            "c68a57fa-6449-4f9e-87a9-19e1fee9608f",
            "27c5417f-cd2b-46c5-b80a-a1eb598a4b5f"
          ],
          "failures": [],
          "pending": [],
          "skipped": [],
          "duration": 48231,
          "root": false,
          "rootEmpty": false,
          "_timeout": 2000
        }
      ],
      "passes": [],
      "failures": [],
      "pending": [],
      "skipped": [],
      "duration": 0,
      "root": true,
      "rootEmpty": true,
      "_timeout": 2000
    }
  ],
  "meta": {
    "mocha": {
      "version": "7.0.1"
    },
    "mochawesome": {
      "options": {
        "quiet": false,
        "reportFilename": "mochawesome",
        "saveHtml": false,
        "saveJson": true,
        "consoleReporter": "spec",
        "useInlineDiffs": false
      },
      "version": "4.1.0"
    },
    "marge": {
      "options": {
        "id": "default",
        "reportDir": "cypress/reports",
        "overwrite": false,
        "html": false,
        "json": true
      },
      "version": "4.1.0"
    }
  }
}